# JRE version: Java(TM) SE Runtime Environment (8.0_111-b14) (build 1.8.0_111-b14)
# Java VM: Java HotSpot(TM) 64-Bit Server VM (25.111-b14 mixed mode windows-amd64 compressed oops)
Heap:
 PSYoungGen      total 73728K, used 32381K [0x00000000d5580000, 0x00000000dca80000, 0x0000000100000000)
  eden space 64000K, 36% used [0x00000000d5580000,0x00000000d6c52658,0x00000000d9400000)
  from space 9728K, 92% used [0x00000000d9e00000,0x00000000da6ccf50,0x00000000da780000)
  to   space 10240K, 0% used [0x00000000d9400000,0x00000000d9400000,0x00000000d9e00000)
 ParOldGen       total 47616K, used 7652K [0x0000000080000000, 0x0000000082e80000, 0x00000000d5580000)
  object space 47616K, 16% used [0x0000000080000000,0x0000000080779210,0x0000000082e80000)
 Metaspace       used 33520K, capacity 35108K, committed 35456K, reserved 1079296K
  class space    used 4826K, capacity 5196K, committed 5248K, reserved 1048576K
GC Heap History (10 events):
Event: 10.504 GC heap before
{Heap before GC invocations=7 (full 0):
 PSYoungGen      total 41472K, used 39775K [0x00000000d5580000, 0x00000000d8800000, 0x0000000100000000)
  eden space 32256K, 100% used [0x00000000d5580000,0x00000000d7500000,0x00000000d7500000)
  from space 9216K, 81% used [0x00000000d7e80000,0x00000000d85d7f60,0x00000000d8780000)
  to   space 9728K, 0% used [0x00000000d7500000,0x00000000d7500000,0x00000000d7e80000)
 ParOldGen       total 87552K, used 6166K [0x0000000080000000, 0x0000000085580000, 0x00000000d5580000)
  object space 87552K, 7% used [0x0000000080000000,0x0000000080605980,0x0000000085580000)
 Metaspace       used 20378K, capacity 21110K, committed 21296K, reserved 1067008K
  class space    used 2997K, capacity 3183K, committed 3200K, reserved 1048576K
Event: 10.513 GC heap after
Heap after GC invocations=7 (full 0):
 PSYoungGen      total 41984K, used 6667K [0x00000000d5580000, 0x00000000da780000, 0x0000000100000000)
  eden space 32256K, 0% used [0x00000000d5580000,0x00000000d5580000,0x00000000d7500000)
  from space 9728K, 68% used [0x00000000d7500000,0x00000000d7b82db8,0x00000000d7e80000)
  to   space 9728K, 0% used [0x00000000d9e00000,0x00000000d9e00000,0x00000000da780000)
 ParOldGen       total 87552K, used 8330K [0x0000000080000000, 0x0000000085580000, 0x00000000d5580000)
  object space 87552K, 9% used [0x0000000080000000,0x00000000808229e0,0x0000000085580000)
 Metaspace       used 20378K, capacity 21110K, committed 21296K, reserved 1067008K
  class space    used 2997K, capacity 3183K, committed 3200K, reserved 1048576K
}
Event: 10.524 GC heap before
{Heap before GC invocations=8 (full 0):
 PSYoungGen      total 41984K, used 7254K [0x00000000d5580000, 0x00000000da780000, 0x0000000100000000)
  eden space 32256K, 1% used [0x00000000d5580000,0x00000000d5612b88,0x00000000d7500000)
  from space 9728K, 68% used [0x00000000d7500000,0x00000000d7b82db8,0x00000000d7e80000)
  to   space 9728K, 0% used [0x00000000d9e00000,0x00000000d9e00000,0x00000000da780000)
 ParOldGen       total 87552K, used 8330K [0x0000000080000000, 0x0000000085580000, 0x00000000d5580000)
  object space 87552K, 9% used [0x0000000080000000,0x00000000808229e0,0x0000000085580000)
 Metaspace       used 20420K, capacity 21178K, committed 21296K, reserved 1067008K
  class space    used 3005K, capacity 3185K, committed 3200K, reserved 1048576K
Event: 10.531 GC heap after
Heap after GC invocations=8 (full 0):
 PSYoungGen      total 74240K, used 2548K [0x00000000d5580000, 0x00000000da780000, 0x0000000100000000)
  eden space 64512K, 0% used [0x00000000d5580000,0x00000000d5580000,0x00000000d9480000)
  from space 9728K, 26% used [0x00000000d9e00000,0x00000000da07d040,0x00000000da780000)
  to   space 9728K, 0% used [0x00000000d9480000,0x00000000d9480000,0x00000000d9e00000)
 ParOldGen       total 87552K, used 10507K [0x0000000080000000, 0x0000000085580000, 0x00000000d5580000)
  object space 87552K, 12% used [0x0000000080000000,0x0000000080a42c28,0x0000000085580000)
 Metaspace       used 20420K, capacity 21178K, committed 21296K, reserved 1067008K
  class space    used 3005K, capacity 3185K, committed 3200K, reserved 1048576K
}
Event: 10.531 GC heap before
{Heap before GC invocations=9 (full 1):
 PSYoungGen      total 74240K, used 2548K [0x00000000d5580000, 0x00000000da780000, 0x0000000100000000)
  eden space 64512K, 0% used [0x00000000d5580000,0x00000000d5580000,0x00000000d9480000)
  from space 9728K, 26% used [0x00000000d9e00000,0x00000000da07d040,0x00000000da780000)
  to   space 9728K, 0% used [0x00000000d9480000,0x00000000d9480000,0x00000000d9e00000)
 ParOldGen       total 87552K, used 10507K [0x0000000080000000, 0x0000000085580000, 0x00000000d5580000)
  object space 87552K, 12% used [0x0000000080000000,0x0000000080a42c28,0x0000000085580000)
 Metaspace       used 20420K, capacity 21178K, committed 21296K, reserved 1067008K
  class space    used 3005K, capacity 3185K, committed 3200K, reserved 1048576K
Event: 10.621 GC heap after
Heap after GC invocations=9 (full 1):
 PSYoungGen      total 74240K, used 0K [0x00000000d5580000, 0x00000000da780000, 0x0000000100000000)
  eden space 64512K, 0% used [0x00000000d5580000,0x00000000d5580000,0x00000000d9480000)
  from space 9728K, 0% used [0x00000000d9e00000,0x00000000d9e00000,0x00000000da780000)
  to   space 9728K, 0% used [0x00000000d9480000,0x00000000d9480000,0x00000000d9e00000)
 ParOldGen       total 47616K, used 7636K [0x0000000080000000, 0x0000000082e80000, 0x00000000d5580000)
  object space 47616K, 16% used [0x0000000080000000,0x0000000080775210,0x0000000082e80000)
 Metaspace       used 20420K, capacity 21178K, committed 21296K, reserved 1067008K
  class space    used 3005K, capacity 3185K, committed 3200K, reserved 1048576K
}
Event: 11.668 GC heap before
{Heap before GC invocations=10 (full 1):
 PSYoungGen      total 74240K, used 64512K [0x00000000d5580000, 0x00000000da780000, 0x0000000100000000)
  eden space 64512K, 100% used [0x00000000d5580000,0x00000000d9480000,0x00000000d9480000)
  from space 9728K, 0% used [0x00000000d9e00000,0x00000000d9e00000,0x00000000da780000)
  to   space 9728K, 0% used [0x00000000d9480000,0x00000000d9480000,0x00000000d9e00000)
 ParOldGen       total 47616K, used 7636K [0x0000000080000000, 0x0000000082e80000, 0x00000000d5580000)
  object space 47616K, 16% used [0x0000000080000000,0x0000000080775210,0x0000000082e80000)
 Metaspace       used 24276K, capacity 25594K, committed 25856K, reserved 1071104K
  class space    used 3657K, capacity 3975K, committed 4096K, reserved 1048576K
Event: 11.675 GC heap after
Heap after GC invocations=10 (full 1):
 PSYoungGen      total 74240K, used 5039K [0x00000000d5580000, 0x00000000da780000, 0x0000000100000000)
  eden space 64512K, 0% used [0x00000000d5580000,0x00000000d5580000,0x00000000d9480000)
  from space 9728K, 51% used [0x00000000d9480000,0x00000000d996bf58,0x00000000d9e00000)
  to   space 9728K, 0% used [0x00000000d9e00000,0x00000000d9e00000,0x00000000da780000)
 ParOldGen       total 47616K, used 7644K [0x0000000080000000, 0x0000000082e80000, 0x00000000d5580000)
  object space 47616K, 16% used [0x0000000080000000,0x0000000080777210,0x0000000082e80000)
 Metaspace       used 24276K, capacity 25594K, committed 25856K, reserved 1071104K
  class space    used 3657K, capacity 3975K, committed 4096K, reserved 1048576K
}
Event: 12.829 GC heap before
{Heap before GC invocations=11 (full 1):
 PSYoungGen      total 74240K, used 69551K [0x00000000d5580000, 0x00000000da780000, 0x0000000100000000)
  eden space 64512K, 100% used [0x00000000d5580000,0x00000000d9480000,0x00000000d9480000)
  from space 9728K, 51% used [0x00000000d9480000,0x00000000d996bf58,0x00000000d9e00000)
  to   space 9728K, 0% used [0x00000000d9e00000,0x00000000d9e00000,0x00000000da780000)
 ParOldGen       total 47616K, used 7644K [0x0000000080000000, 0x0000000082e80000, 0x00000000d5580000)
  object space 47616K, 16% used [0x0000000080000000,0x0000000080777210,0x0000000082e80000)
 Metaspace       used 30232K, capacity 31796K, committed 32000K, reserved 1077248K
  class space    used 4468K, capacity 4823K, committed 4864K, reserved 1048576K
Event: 12.838 GC heap after
Heap after GC invocations=11 (full 1):
 PSYoungGen      total 73728K, used 9011K [0x00000000d5580000, 0x00000000dca80000, 0x0000000100000000)
  eden space 64000K, 0% used [0x00000000d5580000,0x00000000d5580000,0x00000000d9400000)
  from space 9728K, 92% used [0x00000000d9e00000,0x00000000da6ccf50,0x00000000da780000)
  to   space 10240K, 0% used [0x00000000d9400000,0x00000000d9400000,0x00000000d9e00000)
 ParOldGen       total 47616K, used 7652K [0x0000000080000000, 0x0000000082e80000, 0x00000000d5580000)
  object space 47616K, 16% used [0x0000000080000000,0x0000000080779210,0x0000000082e80000)
 Metaspace       used 30232K, capacity 31796K, committed 32000K, reserved 1077248K
  class space    used 4468K, capacity 4823K, committed 4864K, reserved 1048576K
}

